<?xml version="1.0" encoding="UTF-8"?>
<testsuite xmlns:xsi="http://www.w3.org/2001/XMLSchema-instance" xsi:noNamespaceSchemaLocation="https://maven.apache.org/surefire/maven-surefire-plugin/xsd/surefire-test-report-3.0.xsd" version="3.0" name="fr.ufrsciencestech.animalerie.AnimalTest" time="0.001" tests="5" errors="0" skipped="0" failures="0">
  <properties>
    <property name="java.specification.version" value="17"/>
    <property name="sun.jnu.encoding" value="UTF-8"/>
    <property name="java.class.path" value="/home/delaton/Prog/GenieLog/Animalerie/animalerie/Animalerie/target/test-classes:/home/delaton/Prog/GenieLog/Animalerie/animalerie/Animalerie/target/classes:/home/delaton/.m2/repository/junit/junit/4.12/junit-4.12.jar:/home/delaton/.m2/repository/org/hamcrest/hamcrest-core/1.3/hamcrest-core-1.3.jar:/home/delaton/.m2/repository/log4j/log4j/1.2.17/log4j-1.2.17.jar:/home/delaton/.m2/repository/org/springframework/spring-core/5.1.9.RELEASE/spring-core-5.1.9.RELEASE.jar:/home/delaton/.m2/repository/org/springframework/spring-jcl/5.1.9.RELEASE/spring-jcl-5.1.9.RELEASE.jar:/home/delaton/.m2/repository/org/springframework/spring-context/5.1.9.RELEASE/spring-context-5.1.9.RELEASE.jar:/home/delaton/.m2/repository/org/springframework/spring-aop/5.1.9.RELEASE/spring-aop-5.1.9.RELEASE.jar:/home/delaton/.m2/repository/org/springframework/spring-beans/5.1.9.RELEASE/spring-beans-5.1.9.RELEASE.jar:/home/delaton/.m2/repository/org/springframework/spring-expression/5.1.9.RELEASE/spring-expression-5.1.9.RELEASE.jar:/home/delaton/.m2/repository/org/mockito/mockito-all/1.9.5/mockito-all-1.9.5.jar:/home/delaton/.m2/repository/org/netbeans/external/AbsoluteLayout/RELEASE230/AbsoluteLayout-RELEASE230.jar:/home/delaton/.m2/repository/com/oracle/database/jdbc/ojdbc17/23.6.0.24.10/ojdbc17-23.6.0.24.10.jar:"/>
    <property name="java.vm.vendor" value="Ubuntu"/>
    <property name="sun.arch.data.model" value="64"/>
    <property name="java.vendor.url" value="https://ubuntu.com/"/>
    <property name="user.timezone" value="Europe/Paris"/>
    <property name="os.name" value="Linux"/>
    <property name="java.vm.specification.version" value="17"/>
    <property name="user.country" value="US"/>
    <property name="sun.java.launcher" value="SUN_STANDARD"/>
    <property name="sun.boot.library.path" value="/usr/lib/jvm/java-17-openjdk-amd64/lib"/>
    <property name="sun.java.command" value="/home/delaton/Prog/GenieLog/Animalerie/animalerie/Animalerie/target/surefire/surefirebooter-20250110113519587_3.jar /home/delaton/Prog/GenieLog/Animalerie/animalerie/Animalerie/target/surefire 2025-01-10T11-35-19_494-jvmRun1 surefire-20250110113519587_1tmp surefire_0-20250110113519587_2tmp"/>
    <property name="jdk.debug" value="release"/>
    <property name="surefire.test.class.path" value="/home/delaton/Prog/GenieLog/Animalerie/animalerie/Animalerie/target/test-classes:/home/delaton/Prog/GenieLog/Animalerie/animalerie/Animalerie/target/classes:/home/delaton/.m2/repository/junit/junit/4.12/junit-4.12.jar:/home/delaton/.m2/repository/org/hamcrest/hamcrest-core/1.3/hamcrest-core-1.3.jar:/home/delaton/.m2/repository/log4j/log4j/1.2.17/log4j-1.2.17.jar:/home/delaton/.m2/repository/org/springframework/spring-core/5.1.9.RELEASE/spring-core-5.1.9.RELEASE.jar:/home/delaton/.m2/repository/org/springframework/spring-jcl/5.1.9.RELEASE/spring-jcl-5.1.9.RELEASE.jar:/home/delaton/.m2/repository/org/springframework/spring-context/5.1.9.RELEASE/spring-context-5.1.9.RELEASE.jar:/home/delaton/.m2/repository/org/springframework/spring-aop/5.1.9.RELEASE/spring-aop-5.1.9.RELEASE.jar:/home/delaton/.m2/repository/org/springframework/spring-beans/5.1.9.RELEASE/spring-beans-5.1.9.RELEASE.jar:/home/delaton/.m2/repository/org/springframework/spring-expression/5.1.9.RELEASE/spring-expression-5.1.9.RELEASE.jar:/home/delaton/.m2/repository/org/mockito/mockito-all/1.9.5/mockito-all-1.9.5.jar:/home/delaton/.m2/repository/org/netbeans/external/AbsoluteLayout/RELEASE230/AbsoluteLayout-RELEASE230.jar:/home/delaton/.m2/repository/com/oracle/database/jdbc/ojdbc17/23.6.0.24.10/ojdbc17-23.6.0.24.10.jar:"/>
    <property name="sun.cpu.endian" value="little"/>
    <property name="user.home" value="/home/delaton"/>
    <property name="user.language" value="en"/>
    <property name="java.specification.vendor" value="Oracle Corporation"/>
    <property name="java.version.date" value="2024-10-15"/>
    <property name="java.home" value="/usr/lib/jvm/java-17-openjdk-amd64"/>
    <property name="file.separator" value="/"/>
    <property name="basedir" value="/home/delaton/Prog/GenieLog/Animalerie/animalerie/Animalerie"/>
    <property name="java.vm.compressedOopsMode" value="32-bit"/>
    <property name="line.separator" value="&#10;"/>
    <property name="java.specification.name" value="Java Platform API Specification"/>
    <property name="java.vm.specification.vendor" value="Oracle Corporation"/>
    <property name="surefire.real.class.path" value="/home/delaton/Prog/GenieLog/Animalerie/animalerie/Animalerie/target/surefire/surefirebooter-20250110113519587_3.jar"/>
    <property name="sun.management.compiler" value="HotSpot 64-Bit Tiered Compilers"/>
    <property name="java.runtime.version" value="17.0.13+11-Ubuntu-2ubuntu124.04"/>
    <property name="user.name" value="delaton"/>
    <property name="path.separator" value=":"/>
    <property name="os.version" value="6.8.0-51-generic"/>
    <property name="java.runtime.name" value="OpenJDK Runtime Environment"/>
    <property name="file.encoding" value="UTF-8"/>
    <property name="java.vm.name" value="OpenJDK 64-Bit Server VM"/>
    <property name="skipTests" value="false"/>
    <property name="maven.ext.class.path" value="/snap/netbeans/123/netbeans/java/maven-nblib/netbeans-eventspy.jar"/>
    <property name="localRepository" value="/home/delaton/.m2/repository"/>
    <property name="java.vendor.url.bug" value="https://bugs.launchpad.net/ubuntu/+source/openjdk-17"/>
    <property name="java.io.tmpdir" value="/tmp"/>
    <property name="java.version" value="17.0.13"/>
    <property name="user.dir" value="/home/delaton/Prog/GenieLog/Animalerie/animalerie/Animalerie"/>
    <property name="os.arch" value="amd64"/>
    <property name="java.vm.specification.name" value="Java Virtual Machine Specification"/>
    <property name="native.encoding" value="UTF-8"/>
    <property name="java.library.path" value="/usr/java/packages/lib:/usr/lib/x86_64-linux-gnu/jni:/lib/x86_64-linux-gnu:/usr/lib/x86_64-linux-gnu:/usr/lib/jni:/lib:/usr/lib"/>
    <property name="java.vm.info" value="mixed mode, sharing"/>
    <property name="java.vendor" value="Ubuntu"/>
    <property name="java.vm.version" value="17.0.13+11-Ubuntu-2ubuntu124.04"/>
    <property name="java.specification.maintenance.version" value="1"/>
    <property name="sun.io.unicode.encoding" value="UnicodeLittle"/>
    <property name="java.class.version" value="61.0"/>
  </properties>
  <testcase name="testSetAndGetAge" classname="fr.ufrsciencestech.animalerie.AnimalTest" time="0.0"/>
  <testcase name="testToString" classname="fr.ufrsciencestech.animalerie.AnimalTest" time="0.0"/>
  <testcase name="testSetAndGetName" classname="fr.ufrsciencestech.animalerie.AnimalTest" time="0.0"/>
  <testcase name="testSetAndGetPoids" classname="fr.ufrsciencestech.animalerie.AnimalTest" time="0.0"/>
  <testcase name="testSetAndGetEspece" classname="fr.ufrsciencestech.animalerie.AnimalTest" time="0.0"/>
</testsuite>